<?xml version="1.0" encoding="UTF-8"?>
<!-- Generated by org.testng.reporters.JUnitReportReporter -->
<testsuite skipped="0" hostname="DESKTOP-22JHJMP" name="snapdealPage.Book_Test" tests="1" failures="0" timestamp="05 Jan 2021 12:19:51 GMT" time="28.465" errors="0">
  <testcase name="test" time="28.465" classname="snapdealPage.Book_Test"/>
</testsuite> <!-- snapdealPage.Book_Test -->
